app/build/intermediates/manifest_merge_blame_file/release/manifest-merger-blame-release-report.txt
1<?xml version="1.0" encoding="utf-8"?>
2<manifest xmlns:android="http://schemas.android.com/apk/res/android"
3    package="com.winspread.kalditest"
4    android:versionCode="1"
5    android:versionName="1.0" >
6
7    <uses-sdk
8        android:minSdkVersion="21"
8-->src\main\AndroidManifest.xml
9        android:targetSdkVersion="30" />
9-->src\main\AndroidManifest.xml
10
11    <uses-permission android:name="android.permission.RECORD_AUDIO" />
11-->src\main\AndroidManifest.xml:6:5-71
11-->src\main\AndroidManifest.xml:6:22-68
12    <uses-permission android:name="android.permission.WRITE_EXTERNAL_STORAGE" />
12-->src\main\AndroidManifest.xml:7:5-81
12-->src\main\AndroidManifest.xml:7:22-78
13
14    <application
14-->src\main\AndroidManifest.xml:10:5-24:19
15        android:allowBackup="true"
15-->src\main\AndroidManifest.xml:11:9-35
16        android:appComponentFactory="androidx.core.app.CoreComponentFactory"
16-->[androidx.core:core:1.3.1] AndroidManifest.xml:24:18-86
17        android:icon="@mipmap/ic_launcher"
17-->src\main\AndroidManifest.xml:12:9-43
18        android:label="@string/app_name"
18-->src\main\AndroidManifest.xml:13:9-41
19        android:roundIcon="@mipmap/ic_launcher_round"
19-->src\main\AndroidManifest.xml:14:9-54
20        android:supportsRtl="true"
20-->src\main\AndroidManifest.xml:15:9-35
21        android:theme="@style/Theme.KaldiTest" >
21-->src\main\AndroidManifest.xml:16:9-47
22        <activity android:name="com.winspread.kalditest.MainActivity" >
22-->src\main\AndroidManifest.xml:17:9-23:20
22-->src\main\AndroidManifest.xml:17:19-47
23            <intent-filter>
23-->src\main\AndroidManifest.xml:18:13-22:29
24                <action android:name="android.intent.action.MAIN" />
24-->src\main\AndroidManifest.xml:19:17-69
24-->src\main\AndroidManifest.xml:19:25-66
25
26                <category android:name="android.intent.category.LAUNCHER" />
26-->src\main\AndroidManifest.xml:21:17-77
26-->src\main\AndroidManifest.xml:21:27-74
27            </intent-filter>
28        </activity>
29        <activity
29-->[pub.devrel:easypermissions:3.0.0] AndroidManifest.xml:12:9-16:66
30            android:name="pub.devrel.easypermissions.AppSettingsDialogHolderActivity"
30-->[pub.devrel:easypermissions:3.0.0] AndroidManifest.xml:13:13-86
31            android:exported="false"
31-->[pub.devrel:easypermissions:3.0.0] AndroidManifest.xml:14:13-37
32            android:label=""
32-->[pub.devrel:easypermissions:3.0.0] AndroidManifest.xml:15:13-29
33            android:theme="@style/EasyPermissions.Transparent" />
33-->[pub.devrel:easypermissions:3.0.0] AndroidManifest.xml:16:13-63
34
35        <service
35-->[:lib-share-asr] AndroidManifest.xml:12:9-16:19
36            android:name="com.dengjia.lib_share_asr.ShareAsrService"
36-->[:lib-share-asr] AndroidManifest.xml:13:13-69
37            android:enabled="true"
37-->[:lib-share-asr] AndroidManifest.xml:14:13-35
38            android:exported="true" >
38-->[:lib-share-asr] AndroidManifest.xml:15:13-36
39        </service>
40
41        <activity android:name="com.dengjia.lib_share_asr.ShareAsrActivity" >
41-->[:lib-share-asr] AndroidManifest.xml:18:9-19:20
41-->[:lib-share-asr] AndroidManifest.xml:18:19-76
42        </activity>
43    </application>
44
45</manifest>